<?xml version="1.0" encoding="UTF-8"?>
<!-- Generated by org.testng.reporters.JUnitReportReporter -->
<testsuite hostname="DESKTOP-05F8PNN" failures="0" tests="2" name="testRunners.TestRunner" time="77.769" errors="0" timestamp="2025-07-28T01:07:39 IST" skipped="0">
  <testcase classname="testRunners.TestRunner" name="runScenario" time="16.261"/>
  <testcase classname="testRunners.TestRunner" name="runScenario" time="61.508"/>
</testsuite> <!-- testRunners.TestRunner -->
