<?xml version="1.0" encoding="UTF-8"?>
<!-- Generated by org.testng.reporters.JUnitReportReporter -->
<testsuite hostname="DESKTOP-05F8PNN" failures="0" tests="1" name="testRunners.TestRunner" time="65.746" errors="0" timestamp="2025-07-27T18:10:32 IST" skipped="0">
  <testcase classname="testRunners.TestRunner" name="runScenario" time="65.746"/>
</testsuite> <!-- testRunners.TestRunner -->
